<?xml version="1.0" encoding="UTF-8"?>
<testsuite name="AppTest" tests="1" skipped="0" failures="0" errors="0" timestamp="2025-05-30T09:32:08" hostname="sainath-VirtualBox" time="0.043">
  <properties/>
  <testcase name="testAppHasAGreeting" classname="AppTest" time="0.043"/>
  <system-out><![CDATA[]]></system-out>
  <system-err><![CDATA[]]></system-err>
</testsuite>
